<?xml version="1.0" encoding="UTF-8"?>
<!-- Generated by org.testng.reporters.JUnitReportReporter -->
<testsuite hostname="LIN73000821" failures="0" tests="1" name="Runner.TestRunner" time="42.518" errors="0" timestamp="2023-06-02T23:09:50 IST" skipped="0">
  <testcase classname="Runner.TestRunner" name="runScenario" time="42.518"/>
  <system-out/>
</testsuite> <!-- Runner.TestRunner -->
