<?xml version="1.0" encoding="UTF-8"?>
<!-- Generated by org.testng.reporters.JUnitReportReporter -->
<testsuite hostname="LIN73000821" failures="0" tests="1" name="CucumbersT.CucumberTutorials.ScrSht" time="6.226" errors="0" timestamp="2023-06-28T18:35:57 IST" skipped="0">
  <testcase classname="CucumbersT.CucumberTutorials.ScrSht" name="scrsht" time="6.226"/>
  <system-out/>
</testsuite> <!-- CucumbersT.CucumberTutorials.ScrSht -->
